0 info it worked if it ends with ok
1 verbose cli [ 'E:\\nodejs\\\\node.exe',
1 verbose cli   'E:\\nodejs\\node_modules\\npm\\bin\\npm-cli.js',
1 verbose cli   'install' ]
2 info using npm@1.4.9
3 info using node@v0.10.28
4 verbose node symlink E:\nodejs\\node.exe
5 warn package.json ho-fdf@0.1.0 No repository field.
6 verbose readDependencies using package.json deps
7 verbose install where, deps [ 'C:\\Users\\mizi\\git\\fdf',
7 verbose install   [ 'grunt',
7 verbose install     'grunt-contrib-uglify',
7 verbose install     'grunt-contrib-jshint',
7 verbose install     'grunt-contrib-sass',
7 verbose install     'grunt-contrib-watch',
7 verbose install     'grunt-autoprefixer',
7 verbose install     'grunt-bower-install',
7 verbose install     'grunt-concurrent',
7 verbose install     'grunt-contrib-clean',
7 verbose install     'grunt-contrib-compass',
7 verbose install     'grunt-contrib-concat',
7 verbose install     'grunt-contrib-connect',
7 verbose install     'grunt-contrib-copy',
7 verbose install     'grunt-contrib-cssmin',
7 verbose install     'grunt-contrib-htmlmin',
7 verbose install     'grunt-contrib-imagemin',
7 verbose install     'grunt-google-cdn',
7 verbose install     'grunt-newer',
7 verbose install     'grunt-ngmin',
7 verbose install     'grunt-rev',
7 verbose install     'grunt-svgmin',
7 verbose install     'grunt-usemin',
7 verbose install     'load-grunt-tasks',
7 verbose install     'time-grunt',
7 verbose install     'jshint-stylish',
7 verbose install     'grunt-bower-task',
7 verbose install     'grunt-browserify' ] ]
8 info preinstall ho-fdf@0.1.0
9 verbose readDependencies using package.json deps
10 verbose already installed skipping grunt-google-cdn@^0.4.0 C:\Users\mizi\git\fdf
11 verbose already installed skipping grunt-contrib-sass@~0.8.1 C:\Users\mizi\git\fdf
12 verbose already installed skipping grunt-newer@^0.7.0 C:\Users\mizi\git\fdf
13 verbose already installed skipping grunt-contrib-watch@~0.6.1 C:\Users\mizi\git\fdf
14 verbose already installed skipping grunt-ngmin@^0.0.3 C:\Users\mizi\git\fdf
15 verbose already installed skipping grunt-autoprefixer@^0.7.3 C:\Users\mizi\git\fdf
16 verbose already installed skipping grunt-rev@~0.1.0 C:\Users\mizi\git\fdf
17 verbose already installed skipping grunt-bower-install@~1.0.0 C:\Users\mizi\git\fdf
18 verbose already installed skipping grunt-svgmin@^0.4.0 C:\Users\mizi\git\fdf
19 verbose already installed skipping grunt-usemin@^2.1.1 C:\Users\mizi\git\fdf
20 verbose already installed skipping grunt-concurrent@^0.5.0 C:\Users\mizi\git\fdf
21 verbose already installed skipping load-grunt-tasks@~0.4.0 C:\Users\mizi\git\fdf
22 verbose already installed skipping grunt-contrib-clean@^0.5.0 C:\Users\mizi\git\fdf
23 verbose already installed skipping time-grunt@~0.3.1 C:\Users\mizi\git\fdf
24 verbose already installed skipping grunt-contrib-compass@~0.7.2 C:\Users\mizi\git\fdf
25 verbose already installed skipping jshint-stylish@~0.1.5 C:\Users\mizi\git\fdf
26 verbose already installed skipping grunt-contrib-concat@^0.4.0 C:\Users\mizi\git\fdf
27 verbose already installed skipping grunt-bower-task@~0.4.0 C:\Users\mizi\git\fdf
28 verbose already installed skipping grunt-contrib-connect@~0.8 C:\Users\mizi\git\fdf
29 verbose already installed skipping grunt-contrib-copy@^0.5.0 C:\Users\mizi\git\fdf
30 verbose cache add [ 'grunt-browserify@～3.2.1', null ]
31 verbose cache add name=undefined spec="grunt-browserify@～3.2.1" args=["grunt-browserify@～3.2.1",null]
32 verbose parsed url { protocol: null,
32 verbose parsed url   slashes: null,
32 verbose parsed url   auth: null,
32 verbose parsed url   host: null,
32 verbose parsed url   port: null,
32 verbose parsed url   hostname: null,
32 verbose parsed url   hash: null,
32 verbose parsed url   search: null,
32 verbose parsed url   query: null,
32 verbose parsed url   pathname: 'grunt-browserify@～3.2.1',
32 verbose parsed url   path: 'grunt-browserify@～3.2.1',
32 verbose parsed url   href: 'grunt-browserify@～3.2.1' }
33 verbose cache add name="grunt-browserify" spec="～3.2.1" args=["grunt-browserify","～3.2.1"]
34 verbose parsed url { protocol: null,
34 verbose parsed url   slashes: null,
34 verbose parsed url   auth: null,
34 verbose parsed url   host: null,
34 verbose parsed url   port: null,
34 verbose parsed url   hostname: null,
34 verbose parsed url   hash: null,
34 verbose parsed url   search: null,
34 verbose parsed url   query: null,
34 verbose parsed url   pathname: '～3.2.1',
34 verbose parsed url   path: '～3.2.1',
34 verbose parsed url   href: '～3.2.1' }
35 verbose addNamed [ 'grunt-browserify', '～3.2.1' ]
36 verbose addNamed [ null, null ]
37 verbose already installed skipping grunt-contrib-cssmin@^0.9.0 C:\Users\mizi\git\fdf
38 verbose already installed skipping grunt-contrib-htmlmin@^0.3.0 C:\Users\mizi\git\fdf
39 verbose already installed skipping grunt-contrib-imagemin@^0.7.0 C:\Users\mizi\git\fdf
40 verbose already installed skipping grunt@~0.4.5 C:\Users\mizi\git\fdf
41 verbose already installed skipping grunt-contrib-uglify@~0.6.0 C:\Users\mizi\git\fdf
42 verbose already installed skipping grunt-contrib-jshint@~0.10.0 C:\Users\mizi\git\fdf
43 silly lockFile f7465c88-grunt-browserify-3-2-1 grunt-browserify@～3.2.1
44 verbose lock grunt-browserify@～3.2.1 C:\Users\mizi\AppData\Roaming\npm-cache\f7465c88-grunt-browserify-3-2-1.lock
45 info addNameTag [ 'grunt-browserify', '～3.2.1' ]
46 verbose url raw grunt-browserify
47 verbose url resolving [ 'https://registry.npmjs.org/', './grunt-browserify' ]
48 verbose url resolved https://registry.npmjs.org/grunt-browserify
49 info trying registry request attempt 1 at 15:12:13
50 verbose etag "2GYR454DQJLTMR5RD88NOMAZS"
51 http GET https://registry.npmjs.org/grunt-browserify
52 http 304 https://registry.npmjs.org/grunt-browserify
53 silly registry.get cb [ 304,
53 silly registry.get   { date: 'Fri, 19 Dec 2014 07:10:43 GMT',
53 silly registry.get     server: 'Apache',
53 silly registry.get     via: '1.1 varnish',
53 silly registry.get     'last-modified': 'Fri, 19 Dec 2014 07:10:43 GMT',
53 silly registry.get     'cache-control': 'max-age=60',
53 silly registry.get     etag: '"2GYR454DQJLTMR5RD88NOMAZS"',
53 silly registry.get     age: '0',
53 silly registry.get     'x-served-by': 'cache-ty68-TYO',
53 silly registry.get     'x-cache': 'HIT',
53 silly registry.get     'x-cache-hits': '1',
53 silly registry.get     'x-timer': 'S1418973043.068475,VS0,VE174',
53 silly registry.get     vary: 'Accept',
53 silly registry.get     'content-length': '0',
53 silly registry.get     'keep-alive': 'timeout=10, max=50',
53 silly registry.get     connection: 'Keep-Alive' } ]
54 verbose etag grunt-browserify from cache
55 silly lockFile f7465c88-grunt-browserify-3-2-1 grunt-browserify@～3.2.1
56 silly lockFile f7465c88-grunt-browserify-3-2-1 grunt-browserify@～3.2.1
57 error notarget No compatible version found: grunt-browserify@'～3.2.1'
57 error notarget Valid install targets:
57 error notarget ["0.1.0","0.1.1","0.1.2","0.1.3","0.2.0","0.2.1","0.2.2","0.2.3","0.2.4","0.2.5","1.0.0","1.0.1","1.0.2","1.0.3","1.0.4","1.0.5","1.1.1","1.2.0","1.2.1","1.2.2","1.2.3","1.2.4","1.2.5","1.2.6","1.2.7","1.2.8","1.2.9","1.2.10","1.2.11","1.2.12","1.3.0","1.3.1","1.3.2","2.0.1","2.0.3","2.0.5","2.0.6","2.0.7","2.0.8","2.1.0","2.1.1","2.1.2","2.1.3","2.1.4","3.0.0","3.0.1","3.1.0","3.2.0","3.2.1"]
57 error notarget
57 error notarget This is most likely not a problem with npm itself.
57 error notarget In most cases you or one of your dependencies are requesting
57 error notarget a package version that doesn't exist.
58 error System Windows_NT 6.1.7601
59 error command "E:\\nodejs\\\\node.exe" "E:\\nodejs\\node_modules\\npm\\bin\\npm-cli.js" "install"
60 error cwd C:\Users\mizi\git\fdf
61 error node -v v0.10.28
62 error npm -v 1.4.9
63 error code ETARGET
64 verbose exit [ 1, true ]
